<?xml version="1.0" encoding="UTF-8"?>
<!-- Generated by org.testng.reporters.JUnitReportReporter -->
<testsuite hostname="DESKTOP-OBUN33D" failures="0" tests="6" name="TestCases" time="129.298" errors="0" timestamp="2023-05-20T16:31:42 AST" skipped="0">
  <testcase classname="TestCases" name="LogIn" time="4.407"/>
  <system-out/>
  <testcase classname="TestCases" name="ADD_ONLY_DEVICES_THAT_ARE_SAMSUNG" time="26.880"/>
  <system-out/>
  <testcase classname="TestCases" name="RANDOMLY_ADD3_PHONES" time="26.619"/>
  <system-out/>
  <testcase classname="TestCases" name="RANDOMLY_ADD2_LAPTOPS" time="19.595"/>
  <system-out/>
  <testcase classname="TestCases" name="RANDOMLY_ADD1_MONITOR" time="16.117"/>
  <system-out/>
  <testcase classname="TestCases" name="checkOutProcess" time="35.680"/>
  <system-out/>
</testsuite> <!-- TestCases -->
